<?xml version="1.0" encoding="UTF-8"?>
<testng-results skipped="0" failed="0" ignored="0" total="1" passed="1">
  <reporter-output>
  </reporter-output>
  <suite name="example suite 1" duration-ms="71" started-at="2021-12-25T11:29:11Z" finished-at="2021-12-25T11:29:11Z">
    <groups>
    </groups>
    <test name="This is just name can be anything" duration-ms="71" started-at="2021-12-25T11:29:11Z" finished-at="2021-12-25T11:29:11Z">
      <class name="TestJava.Test1">
        <test-method status="PASS" signature="firsttest()[pri:0, instance:TestJava.Test1@4411d970]" name="firsttest" duration-ms="13" started-at="2021-12-25T11:29:11Z" finished-at="2021-12-25T11:29:11Z">
          <reporter-output>
          </reporter-output>
        </test-method> <!-- firsttest -->
      </class> <!-- TestJava.Test1 -->
    </test> <!-- This is just name can be anything -->
  </suite> <!-- example suite 1 -->
</testng-results>
